<?xml version="1.0" encoding="UTF-8"?>
<!-- Generated by org.testng.reporters.JUnitReportReporter -->
<testsuite hostname="LAPTOP-VATP5N91" failures="0" tests="2" name="com.testng.tests.FirstTest" time="27.773" errors="0" timestamp="2024-07-15T04:48:59 AEST" skipped="0">
  <testcase classname="com.testng.tests.FirstTest" name="TestFacebook" time="16.439"/>
  <system-out/>
  <testcase classname="com.testng.tests.FirstTest" name="TestGoogle" time="11.334"/>
  <system-out/>
</testsuite> <!-- com.testng.tests.FirstTest -->
