<?xml version="1.0" encoding="UTF-8"?>
<!-- Generated by org.testng.reporters.JUnitReportReporter -->
<testsuite hostname="LAPTOP-VATP5N91" failures="0" tests="2" name="ui.LoginTest" time="0.015" errors="0" timestamp="2024-07-14T17:53:12 AEST" skipped="0">
  <testcase classname="ui.LoginTest" name="aTest1" time="0.013"/>
  <system-out/>
  <testcase classname="ui.LoginTest" name="bTest2" time="0.002"/>
  <system-out/>
</testsuite> <!-- ui.LoginTest -->
