<?xml version="1.0" encoding="UTF-8"?>
<!-- Generated by org.testng.reporters.JUnitReportReporter -->
<testsuite hostname="LAPTOP-VATP5N91" failures="0" tests="1" name="com.testng.tests.FirstTest" time="10.770" errors="0" timestamp="2024-07-15T15:40:00 AEST" skipped="0">
  <testcase classname="com.testng.tests.FirstTest" name="TestGoogle" time="10.770"/>
  <system-out/>
</testsuite> <!-- com.testng.tests.FirstTest -->
