<?xml version="1.0" encoding="UTF-8"?>
<!-- Generated by org.testng.reporters.JUnitReportReporter -->
<testsuite hostname="LAPTOP-VATP5N91" failures="0" tests="7" name="com.testng.tests.OrangeHRM" time="43.908" errors="0" timestamp="2024-07-15T15:40:00 AEST" skipped="0">
  <testcase classname="com.testng.tests.OrangeHRM" name="VerifyMyInfo" time="3.421"/>
  <system-out/>
  <testcase classname="com.testng.tests.OrangeHRM" name="VerifyLogin" time="2.085"/>
  <system-out/>
  <testcase classname="com.testng.tests.OrangeHRM" name="EnterLoginDetails" time="3.283"/>
  <system-out/>
  <testcase classname="com.testng.tests.OrangeHRM" name="LaunchApp" time="14.466"/>
  <system-out/>
  <testcase classname="com.testng.tests.OrangeHRM" name="EnterLoginDetails" time="3.478"/>
  <system-out/>
  <testcase classname="com.testng.tests.OrangeHRM" name="LaunchApp" time="12.321"/>
  <system-out/>
  <testcase classname="com.testng.tests.OrangeHRM" name="NavigateToMyInfo" time="4.854"/>
  <system-out/>
</testsuite> <!-- com.testng.tests.OrangeHRM -->
